(---------------------------------------------------------------------)
(                                                                     )
(    NC DRILL Log                                                     )
(                                                                     )
(    Drawing          : adc2.brd                                      )
(    Software Version : unreleased                                    )
(    Date/Time        : Sun Sep 19 23:40:58 2021                      )
(                                                                     )
(---------------------------------------------------------------------)



 Processing NC Parameters file 'nc_param.txt' ...

 NC PARAMETERS
 -------------

 FORMAT   		2.5
 MACHINE-OFFSET		x:0.00000	y:0.00000   (inch)
 FEEDRATE		1
 COORDINATES		ABSOLUTE
 OUTPUT-UNITS		ENGLISH
 TOOL-ORDER		INCREASING
 REPEAT-CODES		YES
 SUPPRESS-LEAD-ZEROES	NO
 SUPPRESS-TRAIL-ZEROES	NO
 SUPPRESS-EQUAL		NO
 TOOL-SELECT		YES
 HEADER			none
 LEADER			12
 CODE			ASCII
 SEPARATE		NO
 SEPARATE-ROUTING	NO
 OPTIMIZE_DRILLING	NO
 ENHANCED_EXCELLON	YES
 SCALE			1.000000

 WARNING(SPMHMF-358): Design precision is the same as that of the drill output file data.
 WARNING(SPMHMF-359): Data rounding errors may still be possible.
 WARNING(SPMHMF-368): Cannot find NC Drill tool file 'nc_tools.txt'
 WARNING(SPMHMF-369): ... will auto-generate tool file 'nc_tools_auto.txt'.


     Auto-generating tool file 'nc_tools_auto.txt' ...

           Size  Plating  Tool        + Tolerance  - Tolerance

          13.00  P        T01            0.000000     0.000000
          28.00  P        T02            0.000000     0.000000
          34.00  P        T03            0.000000     0.000000
          36.00  P        T04            0.000000     0.000000
          37.00  P        T05            0.000000     0.000000
         110.00  P        T06            0.000000     0.000000


 Drill files being output to directory 'E:/local/college/classes/2021bF/ECEN4013/ECEN4013/ADC/pspice/schematic/allegro' ...



     'adc2-1-2.drl' created for holes connecting TOP and BOTTOM
     ----------------------------------------------------------

     Tool  Num     Size      +/- Tolerance     Plating   Quantity

     T01    1.  13.0000    0.0000/  0.0000      PLATED        723
     T02    2.  28.0000    0.0000/  0.0000      PLATED         10
     T03    3.  34.0000    0.0000/  0.0000      PLATED         16
     T04    4.  36.0000    0.0000/  0.0000      PLATED        376
     T05    5.  37.0000    0.0000/  0.0000      PLATED          3
     T06    6. 110.0000    0.0000/  0.0000      PLATED          3

     ---- Total holes:                                       1131

     ---- Total head travel:              46.17 feet (14.07 meters)

