(---------------------------------------------------------------------)
(                                                                     )
(    ARTWORK LOG                                                      )
(                                                                     )
(    Drawing          : adc2.brd                                      )
(    Software Version : unreleased                                    )
(    Date/Time        : Sun Sep 19 23:46:02 2021                      )
(                                                                     )
(---------------------------------------------------------------------)


 ---- Photoplot outline rectangle not found; using drawing extents.



Results from parameter file ...
    DEVICE-TYPE           GERBER_RS274X
    OUTPUT-UNITS          INCHES
    FILM-SIZE             2400000 1600000
    FORMAT                2.5
    ABORT-ON-ERROR        NO
    SCALE                 1
    SUPPRESS-LEAD-ZEROES  YES
    SUPPRESS-TRAIL-ZEROES NO
    SUPPRESS-EQUAL        YES
    UNDEF-APT-CONT        NO



================================================================
     PROCESSING FILM < BOTTOM_SILKSCREEN >
     TO FILE < E:/local/college/classes/2021bF/ECEN4013/ECEN4013/ADC/pspice/schematic/allegro/BOTTOM_SILKSCREEN.art > ...
================================================================

  FILM PARAMETERS :
  ---------------------------------------------------------
  Undefined line width                7.00 MIL
  Mirror code                         NONE
  Rotate angle                        NONE
  Offset x:                           0.00
  Offset y:                           0.00
  Plot negative                       NO
  Suppress unconnected internal pads  NO
  Draw holes only                     NO



  APERTURES USED:  NONE
     BOTTOM_SILKSCREEN created.


------------------------------------------------------
 SUMMARY:
        BOTTOM_SILKSCREEN created.

 ARTWORK finished
